{"contracts/GoldenGoose.sol":{"l":{"43":12,"44":12,"45":12,"52":10,"53":10,"54":10,"79":1,"80":1,"81":1,"82":1,"83":1,"84":1,"97":3,"104":24,"105":12,"112":24,"120":2,"121":2,"135":2,"136":2,"145":1,"152":2,"153":2,"154":2,"163":3,"171":2,"172":1,"175":1,"185":1,"186":1,"187":1,"196":1,"197":1,"198":1,"206":24,"207":22,"217":12,"218":7,"221":5,"223":6,"235":1,"242":1,"249":1,"256":1,"265":10,"275":4,"289":5,"290":5,"302":0,"303":0,"304":0,"314":2,"315":2,"316":2,"327":2,"328":0,"329":0,"330":0,"339":1,"340":1,"341":1,"342":2,"343":2,"345":1,"355":9,"356":9,"357":9,"358":9,"371":2,"372":2,"382":4,"383":4,"384":4,"385":4,"399":1,"400":1,"414":1,"415":1,"425":1,"426":1,"427":1,"428":1,"436":1},"path":"/home/abhi/Projects/goldengoose/contracts/GoldenGoose.sol","s":{"1":12,"2":12,"3":12,"4":10,"5":10,"6":10,"7":1,"8":1,"9":1,"10":1,"11":1,"12":1,"13":3,"14":24,"15":24,"16":2,"17":2,"18":2,"19":2,"20":1,"21":2,"22":2,"23":2,"24":3,"25":2,"26":1,"27":1,"28":1,"29":1,"30":1,"31":1,"32":1,"33":1,"34":24,"35":12,"36":7,"37":5,"38":1,"39":1,"40":1,"41":1,"42":10,"43":4,"44":5,"45":5,"46":0,"47":0,"48":0,"49":2,"50":2,"51":2,"52":2,"53":0,"54":0,"55":0,"56":1,"57":1,"58":1,"59":2,"60":2,"61":1,"62":9,"63":9,"64":9,"65":9,"66":2,"67":2,"68":4,"69":4,"70":4,"71":4,"72":1,"73":1,"74":1,"75":1,"76":1,"77":1,"78":1,"79":1,"80":1},"b":{"1":[12,0],"2":[10,0],"3":[12,12],"4":[1,1],"5":[1,0],"6":[1,0],"7":[22,2],"8":[7,5],"9":[1,6],"10":[5,0],"11":[0,2],"12":[0,0],"13":[1,0],"14":[9,0],"15":[4,0],"16":[4,0],"17":[1,0]},"f":{"1":12,"2":10,"3":1,"4":3,"5":24,"6":24,"7":2,"8":2,"9":1,"10":2,"11":3,"12":2,"13":1,"14":1,"15":24,"16":12,"17":1,"18":1,"19":1,"20":1,"21":10,"22":4,"23":5,"24":0,"25":2,"26":2,"27":1,"28":9,"29":2,"30":4,"31":1,"32":1,"33":1,"34":1},"fnMap":{"1":{"name":"sub","line":42,"loc":{"start":{"line":42,"column":4},"end":{"line":46,"column":4}}},"2":{"name":"add","line":51,"loc":{"start":{"line":51,"column":4},"end":{"line":55,"column":4}}},"3":{"name":"constructor","line":78,"loc":{"start":{"line":78,"column":4},"end":{"line":85,"column":4}}},"4":{"name":"getowner","line":96,"loc":{"start":{"line":96,"column":4},"end":{"line":98,"column":4}}},"5":{"name":"onlyOwner","line":103,"loc":{"start":{"line":103,"column":4},"end":{"line":106,"column":4}}},"6":{"name":"isOwner","line":111,"loc":{"start":{"line":111,"column":4},"end":{"line":113,"column":4}}},"7":{"name":"transferOwnership","line":119,"loc":{"start":{"line":119,"column":4},"end":{"line":122,"column":4}}},"8":{"name":"setAllTransfersLockStatus","line":133,"loc":{"start":{"line":133,"column":4},"end":{"line":137,"column":4}}},"9":{"name":"getAllTransfersLockStatus","line":143,"loc":{"start":{"line":143,"column":4},"end":{"line":146,"column":4}}},"10":{"name":"addLockingTime","line":151,"loc":{"start":{"line":151,"column":5},"end":{"line":155,"column":5}}},"11":{"name":"checkLockingTimeByAddress","line":162,"loc":{"start":{"line":162,"column":6},"end":{"line":164,"column":6}}},"12":{"name":"getLockingStatus","line":170,"loc":{"start":{"line":170,"column":7},"end":{"line":177,"column":7}}},"13":{"name":"decreaseLockingTimeByAddress","line":184,"loc":{"start":{"line":184,"column":4},"end":{"line":188,"column":6}}},"14":{"name":"increaseLockingTimeByAddress","line":195,"loc":{"start":{"line":195,"column":4},"end":{"line":199,"column":6}}},"15":{"name":"AllTransfersLockStatus","line":204,"loc":{"start":{"line":204,"column":4},"end":{"line":208,"column":4}}},"16":{"name":"checkLocking","line":216,"loc":{"start":{"line":216,"column":5},"end":{"line":224,"column":5}}},"17":{"name":"name","line":234,"loc":{"start":{"line":234,"column":4},"end":{"line":236,"column":4}}},"18":{"name":"symbol","line":241,"loc":{"start":{"line":241,"column":4},"end":{"line":243,"column":4}}},"19":{"name":"decimals","line":248,"loc":{"start":{"line":248,"column":4},"end":{"line":250,"column":4}}},"20":{"name":"totalSupply","line":255,"loc":{"start":{"line":255,"column":4},"end":{"line":257,"column":4}}},"21":{"name":"balanceOf","line":264,"loc":{"start":{"line":264,"column":4},"end":{"line":266,"column":4}}},"22":{"name":"allowance","line":274,"loc":{"start":{"line":274,"column":4},"end":{"line":276,"column":4}}},"23":{"name":"transfer","line":288,"loc":{"start":{"line":288,"column":4},"end":{"line":291,"column":4}}},"24":{"name":"transferFrom","line":301,"loc":{"start":{"line":301,"column":4},"end":{"line":305,"column":4}}},"25":{"name":"transferByOwner","line":313,"loc":{"start":{"line":313,"column":4},"end":{"line":317,"column":4}}},"26":{"name":"transferLockedTokens","line":326,"loc":{"start":{"line":326,"column":5},"end":{"line":331,"column":5}}},"27":{"name":"airdropByOwner","line":338,"loc":{"start":{"line":338,"column":6},"end":{"line":346,"column":6}}},"28":{"name":"_transfer","line":354,"loc":{"start":{"line":354,"column":4},"end":{"line":359,"column":4}}},"29":{"name":"approve","line":370,"loc":{"start":{"line":370,"column":4},"end":{"line":373,"column":4}}},"30":{"name":"_approve","line":381,"loc":{"start":{"line":381,"column":4},"end":{"line":386,"column":4}}},"31":{"name":"increaseAllowance","line":398,"loc":{"start":{"line":398,"column":4},"end":{"line":401,"column":4}}},"32":{"name":"decreaseAllowance","line":413,"loc":{"start":{"line":413,"column":4},"end":{"line":416,"column":4}}},"33":{"name":"_burn","line":424,"loc":{"start":{"line":424,"column":4},"end":{"line":429,"column":4}}},"34":{"name":"burn","line":435,"loc":{"start":{"line":435,"column":4},"end":{"line":437,"column":4}}}},"statementMap":{"1":{"start":{"line":43,"column":8},"end":{"line":43,"column":39}},"2":{"start":{"line":44,"column":8},"end":{"line":44,"column":25}},"3":{"start":{"line":45,"column":8},"end":{"line":45,"column":16}},"4":{"start":{"line":52,"column":8},"end":{"line":52,"column":25}},"5":{"start":{"line":53,"column":8},"end":{"line":53,"column":39}},"6":{"start":{"line":54,"column":8},"end":{"line":54,"column":16}},"7":{"start":{"line":79,"column":8},"end":{"line":79,"column":19}},"8":{"start":{"line":80,"column":8},"end":{"line":80,"column":23}},"9":{"start":{"line":81,"column":8},"end":{"line":81,"column":27}},"10":{"start":{"line":82,"column":8},"end":{"line":82,"column":57}},"11":{"start":{"line":83,"column":8},"end":{"line":83,"column":38}},"12":{"start":{"line":84,"column":8},"end":{"line":84,"column":21}},"13":{"start":{"line":97,"column":8},"end":{"line":97,"column":21}},"14":{"start":{"line":104,"column":8},"end":{"line":104,"column":74}},"15":{"start":{"line":112,"column":8},"end":{"line":112,"column":35}},"16":{"start":{"line":120,"column":8},"end":{"line":120,"column":24}},"17":{"start":{"line":121,"column":8},"end":{"line":121,"column":19}},"18":{"start":{"line":135,"column":8},"end":{"line":135,"column":38}},"19":{"start":{"line":136,"column":8},"end":{"line":136,"column":19}},"20":{"start":{"line":145,"column":8},"end":{"line":145,"column":26}},"21":{"start":{"line":152,"column":8},"end":{"line":152,"column":58}},"22":{"start":{"line":153,"column":8},"end":{"line":153,"column":45}},"23":{"start":{"line":154,"column":8},"end":{"line":154,"column":19}},"24":{"start":{"line":163,"column":9},"end":{"line":163,"column":30}},"25":{"start":{"line":171,"column":11},"end":{"line":171,"column":5554}},"26":{"start":{"line":172,"column":15},"end":{"line":172,"column":26}},"27":{"start":{"line":175,"column":15},"end":{"line":175,"column":27}},"28":{"start":{"line":185,"column":10},"end":{"line":185,"column":119}},"29":{"start":{"line":186,"column":10},"end":{"line":186,"column":86}},"30":{"start":{"line":187,"column":10},"end":{"line":187,"column":21}},"31":{"start":{"line":196,"column":10},"end":{"line":196,"column":119}},"32":{"start":{"line":197,"column":10},"end":{"line":197,"column":86}},"33":{"start":{"line":198,"column":10},"end":{"line":198,"column":21}},"34":{"start":{"line":206,"column":8},"end":{"line":206,"column":84}},"35":{"start":{"line":217,"column":9},"end":{"line":217,"column":7254}},"36":{"start":{"line":218,"column":9},"end":{"line":218,"column":117}},"37":{"start":{"line":221,"column":12},"end":{"line":221,"column":58}},"38":{"start":{"line":235,"column":8},"end":{"line":235,"column":20}},"39":{"start":{"line":242,"column":8},"end":{"line":242,"column":22}},"40":{"start":{"line":249,"column":8},"end":{"line":249,"column":24}},"41":{"start":{"line":256,"column":8},"end":{"line":256,"column":27}},"42":{"start":{"line":265,"column":8},"end":{"line":265,"column":31}},"43":{"start":{"line":275,"column":8},"end":{"line":275,"column":39}},"44":{"start":{"line":289,"column":12},"end":{"line":289,"column":43}},"45":{"start":{"line":290,"column":12},"end":{"line":290,"column":23}},"46":{"start":{"line":302,"column":13},"end":{"line":302,"column":38}},"47":{"start":{"line":303,"column":13},"end":{"line":303,"column":77}},"48":{"start":{"line":304,"column":13},"end":{"line":304,"column":24}},"49":{"start":{"line":314,"column":8},"end":{"line":314,"column":43}},"50":{"start":{"line":315,"column":8},"end":{"line":315,"column":39}},"51":{"start":{"line":316,"column":8},"end":{"line":316,"column":19}},"52":{"start":{"line":327,"column":8},"end":{"line":327,"column":101}},"53":{"start":{"line":328,"column":8},"end":{"line":328,"column":73}},"54":{"start":{"line":329,"column":8},"end":{"line":329,"column":56}},"55":{"start":{"line":330,"column":8},"end":{"line":330,"column":31}},"56":{"start":{"line":339,"column":10},"end":{"line":339,"column":69}},"57":{"start":{"line":340,"column":10},"end":{"line":340,"column":43}},"58":{"start":{"line":341,"column":10},"end":{"line":341,"column":12111}},"59":{"start":{"line":342,"column":15},"end":{"line":342,"column":62}},"60":{"start":{"line":343,"column":15},"end":{"line":343,"column":45}},"61":{"start":{"line":345,"column":10},"end":{"line":345,"column":21}},"62":{"start":{"line":355,"column":8},"end":{"line":355,"column":53}},"63":{"start":{"line":356,"column":8},"end":{"line":356,"column":51}},"64":{"start":{"line":357,"column":8},"end":{"line":357,"column":47}},"65":{"start":{"line":358,"column":8},"end":{"line":358,"column":38}},"66":{"start":{"line":371,"column":8},"end":{"line":371,"column":43}},"67":{"start":{"line":372,"column":8},"end":{"line":372,"column":19}},"68":{"start":{"line":382,"column":8},"end":{"line":382,"column":55}},"69":{"start":{"line":383,"column":8},"end":{"line":383,"column":53}},"70":{"start":{"line":384,"column":8},"end":{"line":384,"column":39}},"71":{"start":{"line":385,"column":8},"end":{"line":385,"column":44}},"72":{"start":{"line":399,"column":8},"end":{"line":399,"column":83}},"73":{"start":{"line":400,"column":8},"end":{"line":400,"column":19}},"74":{"start":{"line":414,"column":8},"end":{"line":414,"column":88}},"75":{"start":{"line":415,"column":8},"end":{"line":415,"column":19}},"76":{"start":{"line":425,"column":8},"end":{"line":425,"column":55}},"77":{"start":{"line":426,"column":8},"end":{"line":426,"column":45}},"78":{"start":{"line":427,"column":8},"end":{"line":427,"column":57}},"79":{"start":{"line":428,"column":8},"end":{"line":428,"column":49}},"80":{"start":{"line":436,"column":8},"end":{"line":436,"column":31}}},"branchMap":{"1":{"line":43,"type":"if","locations":[{"start":{"line":43,"column":8},"end":{"line":43,"column":8}},{"start":{"line":43,"column":8},"end":{"line":43,"column":8}}]},"2":{"line":53,"type":"if","locations":[{"start":{"line":53,"column":8},"end":{"line":53,"column":8}},{"start":{"line":53,"column":8},"end":{"line":53,"column":8}}]},"3":{"line":104,"type":"if","locations":[{"start":{"line":104,"column":8},"end":{"line":104,"column":8}},{"start":{"line":104,"column":8},"end":{"line":104,"column":8}}]},"4":{"line":171,"type":"if","locations":[{"start":{"line":171,"column":11},"end":{"line":171,"column":11}},{"start":{"line":171,"column":11},"end":{"line":171,"column":11}}]},"5":{"line":185,"type":"if","locations":[{"start":{"line":185,"column":10},"end":{"line":185,"column":10}},{"start":{"line":185,"column":10},"end":{"line":185,"column":10}}]},"6":{"line":196,"type":"if","locations":[{"start":{"line":196,"column":10},"end":{"line":196,"column":10}},{"start":{"line":196,"column":10},"end":{"line":196,"column":10}}]},"7":{"line":206,"type":"if","locations":[{"start":{"line":206,"column":8},"end":{"line":206,"column":8}},{"start":{"line":206,"column":8},"end":{"line":206,"column":8}}]},"8":{"line":217,"type":"if","locations":[{"start":{"line":217,"column":9},"end":{"line":217,"column":9}},{"start":{"line":217,"column":9},"end":{"line":217,"column":9}}]},"9":{"line":218,"type":"if","locations":[{"start":{"line":218,"column":9},"end":{"line":218,"column":9}},{"start":{"line":218,"column":9},"end":{"line":218,"column":9}}]},"10":{"line":221,"type":"if","locations":[{"start":{"line":221,"column":12},"end":{"line":221,"column":12}},{"start":{"line":221,"column":12},"end":{"line":221,"column":12}}]},"11":{"line":327,"type":"if","locations":[{"start":{"line":327,"column":8},"end":{"line":327,"column":8}},{"start":{"line":327,"column":8},"end":{"line":327,"column":8}}]},"12":{"line":328,"type":"if","locations":[{"start":{"line":328,"column":8},"end":{"line":328,"column":8}},{"start":{"line":328,"column":8},"end":{"line":328,"column":8}}]},"13":{"line":339,"type":"if","locations":[{"start":{"line":339,"column":10},"end":{"line":339,"column":10}},{"start":{"line":339,"column":10},"end":{"line":339,"column":10}}]},"14":{"line":355,"type":"if","locations":[{"start":{"line":355,"column":8},"end":{"line":355,"column":8}},{"start":{"line":355,"column":8},"end":{"line":355,"column":8}}]},"15":{"line":382,"type":"if","locations":[{"start":{"line":382,"column":8},"end":{"line":382,"column":8}},{"start":{"line":382,"column":8},"end":{"line":382,"column":8}}]},"16":{"line":383,"type":"if","locations":[{"start":{"line":383,"column":8},"end":{"line":383,"column":8}},{"start":{"line":383,"column":8},"end":{"line":383,"column":8}}]},"17":{"line":425,"type":"if","locations":[{"start":{"line":425,"column":8},"end":{"line":425,"column":8}},{"start":{"line":425,"column":8},"end":{"line":425,"column":8}}]}}}}