TN:
SF:/home/abhi/Projects/goldengoose/contracts/GoldenGoose.sol
FN:42,sub
FN:51,add
FN:78,constructor
FN:96,getowner
FN:103,onlyOwner
FN:111,isOwner
FN:119,transferOwnership
FN:133,setAllTransfersLockStatus
FN:143,getAllTransfersLockStatus
FN:151,addLockingTime
FN:162,checkLockingTimeByAddress
FN:170,getLockingStatus
FN:184,decreaseLockingTimeByAddress
FN:195,increaseLockingTimeByAddress
FN:204,AllTransfersLockStatus
FN:216,checkLocking
FN:234,name
FN:241,symbol
FN:248,decimals
FN:255,totalSupply
FN:264,balanceOf
FN:274,allowance
FN:288,transfer
FN:301,transferFrom
FN:313,transferByOwner
FN:326,transferLockedTokens
FN:338,airdropByOwner
FN:354,_transfer
FN:370,approve
FN:381,_approve
FN:398,increaseAllowance
FN:413,decreaseAllowance
FN:424,_burn
FN:435,burn
FNF:34
FNH:33
FNDA:12,sub
FNDA:10,add
FNDA:1,constructor
FNDA:3,getowner
FNDA:24,onlyOwner
FNDA:24,isOwner
FNDA:2,transferOwnership
FNDA:2,setAllTransfersLockStatus
FNDA:1,getAllTransfersLockStatus
FNDA:2,addLockingTime
FNDA:3,checkLockingTimeByAddress
FNDA:2,getLockingStatus
FNDA:1,decreaseLockingTimeByAddress
FNDA:1,increaseLockingTimeByAddress
FNDA:24,AllTransfersLockStatus
FNDA:12,checkLocking
FNDA:1,name
FNDA:1,symbol
FNDA:1,decimals
FNDA:1,totalSupply
FNDA:10,balanceOf
FNDA:4,allowance
FNDA:5,transfer
FNDA:0,transferFrom
FNDA:2,transferByOwner
FNDA:2,transferLockedTokens
FNDA:1,airdropByOwner
FNDA:9,_transfer
FNDA:2,approve
FNDA:4,_approve
FNDA:1,increaseAllowance
FNDA:1,decreaseAllowance
FNDA:1,_burn
FNDA:1,burn
DA:43,12
DA:44,12
DA:45,12
DA:52,10
DA:53,10
DA:54,10
DA:79,1
DA:80,1
DA:81,1
DA:82,1
DA:83,1
DA:84,1
DA:97,3
DA:104,24
DA:105,12
DA:112,24
DA:120,2
DA:121,2
DA:135,2
DA:136,2
DA:145,1
DA:152,2
DA:153,2
DA:154,2
DA:163,3
DA:171,2
DA:172,1
DA:175,1
DA:185,1
DA:186,1
DA:187,1
DA:196,1
DA:197,1
DA:198,1
DA:206,24
DA:207,22
DA:217,12
DA:218,7
DA:221,5
DA:223,6
DA:235,1
DA:242,1
DA:249,1
DA:256,1
DA:265,10
DA:275,4
DA:289,5
DA:290,5
DA:302,0
DA:303,0
DA:304,0
DA:314,2
DA:315,2
DA:316,2
DA:327,2
DA:328,0
DA:329,0
DA:330,0
DA:339,1
DA:340,1
DA:341,1
DA:342,2
DA:343,2
DA:345,1
DA:355,9
DA:356,9
DA:357,9
DA:358,9
DA:371,2
DA:372,2
DA:382,4
DA:383,4
DA:384,4
DA:385,4
DA:399,1
DA:400,1
DA:414,1
DA:415,1
DA:425,1
DA:426,1
DA:427,1
DA:428,1
DA:436,1
LF:83
LH:77
BRDA:43,1,0,12
BRDA:43,1,1,0
BRDA:53,2,0,10
BRDA:53,2,1,0
BRDA:104,3,0,12
BRDA:104,3,1,12
BRDA:171,4,0,1
BRDA:171,4,1,1
BRDA:185,5,0,1
BRDA:185,5,1,0
BRDA:196,6,0,1
BRDA:196,6,1,0
BRDA:206,7,0,22
BRDA:206,7,1,2
BRDA:217,8,0,7
BRDA:217,8,1,5
BRDA:218,9,0,1
BRDA:218,9,1,6
BRDA:221,10,0,5
BRDA:221,10,1,0
BRDA:327,11,0,0
BRDA:327,11,1,2
BRDA:328,12,0,0
BRDA:328,12,1,0
BRDA:339,13,0,1
BRDA:339,13,1,0
BRDA:355,14,0,9
BRDA:355,14,1,0
BRDA:382,15,0,4
BRDA:382,15,1,0
BRDA:383,16,0,4
BRDA:383,16,1,0
BRDA:425,17,0,1
BRDA:425,17,1,0
BRF:34
BRH:21
end_of_record
